ERROR - 2023-11-18 07:58:41 --> Error connecting to the database: Access denied for user '****'@'localhost' (using password: YES)
CRITICAL - 2023-11-18 07:58:41 --> Unable to connect to the database.
Main connection [MySQLi]: Access denied for user '****'@'localhost' (using password: YES)
#0 C:\xampp\htdocs\compro-codeigniter-4-main\system\Database\BaseConnection.php(577): CodeIgniter\Database\BaseConnection->initialize()
#1 C:\xampp\htdocs\compro-codeigniter-4-main\system\Database\BaseBuilder.php(1443): CodeIgniter\Database\BaseConnection->query('SELECT *\nFROM `...', Array, false)
#2 C:\xampp\htdocs\compro-codeigniter-4-main\system\Model.php(210): CodeIgniter\Database\BaseBuilder->get()
#3 C:\xampp\htdocs\compro-codeigniter-4-main\system\BaseModel.php(622): CodeIgniter\Model->doFirst()
#4 C:\xampp\htdocs\compro-codeigniter-4-main\app\Models\Konfigurasi_model.php(17): CodeIgniter\BaseModel->first()
#5 C:\xampp\htdocs\compro-codeigniter-4-main\app\Controllers\Home.php(19): App\Models\Konfigurasi_model->listing()
#6 C:\xampp\htdocs\compro-codeigniter-4-main\system\CodeIgniter.php(824): App\Controllers\Home->index()
#7 C:\xampp\htdocs\compro-codeigniter-4-main\system\CodeIgniter.php(410): CodeIgniter\CodeIgniter->runController(Object(App\Controllers\Home))
#8 C:\xampp\htdocs\compro-codeigniter-4-main\system\CodeIgniter.php(318): CodeIgniter\CodeIgniter->handleRequest(NULL, Object(Config\Cache), false)
#9 C:\xampp\htdocs\compro-codeigniter-4-main\public\index.php(37): CodeIgniter\CodeIgniter->run()
#10 C:\xampp\htdocs\compro-codeigniter-4-main\system\Commands\Server\rewrite.php(43): require_once('C:\\xampp\\htdocs...')
#11 {main}
CRITICAL - 2023-11-18 09:38:54 --> Trying to access array offset on value of type int
#0 C:\xampp\htdocs\compro-codeigniter-4-main\app\Controllers\Admin\Staff.php(87): CodeIgniter\Debug\Exceptions->errorHandler(8, 'Trying to acces...', 'C:\\xampp\\htdocs...', 87, Array)
#1 C:\xampp\htdocs\compro-codeigniter-4-main\system\CodeIgniter.php(824): App\Controllers\Admin\Staff->index()
#2 C:\xampp\htdocs\compro-codeigniter-4-main\system\CodeIgniter.php(410): CodeIgniter\CodeIgniter->runController(Object(App\Controllers\Admin\Staff))
#3 C:\xampp\htdocs\compro-codeigniter-4-main\system\CodeIgniter.php(318): CodeIgniter\CodeIgniter->handleRequest(NULL, Object(Config\Cache), false)
#4 C:\xampp\htdocs\compro-codeigniter-4-main\public\index.php(37): CodeIgniter\CodeIgniter->run()
#5 C:\xampp\htdocs\compro-codeigniter-4-main\index.php(7): require_once('C:\\xampp\\htdocs...')
#6 {main}
ERROR - 2023-11-18 09:58:39 --> Unknown column 'staff.urutan' in 'order clause'
CRITICAL - 2023-11-18 09:58:39 --> Unknown column 'staff.urutan' in 'order clause'
#0 C:\xampp\htdocs\compro-codeigniter-4-main\system\Database\MySQLi\Connection.php(292): mysqli->query('SELECT `staff`....', 0)
#1 C:\xampp\htdocs\compro-codeigniter-4-main\system\Database\BaseConnection.php(670): CodeIgniter\Database\MySQLi\Connection->execute('SELECT `staff`....')
#2 C:\xampp\htdocs\compro-codeigniter-4-main\system\Database\BaseConnection.php(598): CodeIgniter\Database\BaseConnection->simpleQuery('SELECT `staff`....')
#3 C:\xampp\htdocs\compro-codeigniter-4-main\system\Database\BaseBuilder.php(1443): CodeIgniter\Database\BaseConnection->query('SELECT `staff`....', Array, false)
#4 C:\xampp\htdocs\compro-codeigniter-4-main\app\Models\Staff_model.php(35): CodeIgniter\Database\BaseBuilder->get()
#5 C:\xampp\htdocs\compro-codeigniter-4-main\app\Views\staff\index.php(33): App\Models\Staff_model->kategori_staff('1')
#6 C:\xampp\htdocs\compro-codeigniter-4-main\system\View\View.php(214): include('C:\\xampp\\htdocs...')
#7 C:\xampp\htdocs\compro-codeigniter-4-main\system\View\View.php(217): CodeIgniter\View\View->CodeIgniter\View\{closure}()
#8 C:\xampp\htdocs\compro-codeigniter-4-main\system\Common.php(1097): CodeIgniter\View\View->render('staff/index', Array, true)
#9 C:\xampp\htdocs\compro-codeigniter-4-main\app\Views\layout\content.php(4): view('staff/index')
#10 C:\xampp\htdocs\compro-codeigniter-4-main\app\Views\layout\wrapper.php(6): require_once('C:\\xampp\\htdocs...')
#11 C:\xampp\htdocs\compro-codeigniter-4-main\system\View\View.php(214): include('C:\\xampp\\htdocs...')
#12 C:\xampp\htdocs\compro-codeigniter-4-main\system\View\View.php(217): CodeIgniter\View\View->CodeIgniter\View\{closure}()
#13 C:\xampp\htdocs\compro-codeigniter-4-main\system\Common.php(1097): CodeIgniter\View\View->render('layout/wrapper', Array, true)
#14 C:\xampp\htdocs\compro-codeigniter-4-main\app\Controllers\Staff.php(28): view('layout/wrapper', Array)
#15 C:\xampp\htdocs\compro-codeigniter-4-main\system\CodeIgniter.php(824): App\Controllers\Staff->index()
#16 C:\xampp\htdocs\compro-codeigniter-4-main\system\CodeIgniter.php(410): CodeIgniter\CodeIgniter->runController(Object(App\Controllers\Staff))
#17 C:\xampp\htdocs\compro-codeigniter-4-main\system\CodeIgniter.php(318): CodeIgniter\CodeIgniter->handleRequest(NULL, Object(Config\Cache), false)
#18 C:\xampp\htdocs\compro-codeigniter-4-main\public\index.php(37): CodeIgniter\CodeIgniter->run()
#19 C:\xampp\htdocs\compro-codeigniter-4-main\index.php(7): require_once('C:\\xampp\\htdocs...')
#20 {main}
CRITICAL - 2023-11-18 10:00:14 --> Trying to access array offset on value of type int
#0 C:\xampp\htdocs\compro-codeigniter-4-main\app\Controllers\Admin\Staff.php(87): CodeIgniter\Debug\Exceptions->errorHandler(8, 'Trying to acces...', 'C:\\xampp\\htdocs...', 87, Array)
#1 C:\xampp\htdocs\compro-codeigniter-4-main\system\CodeIgniter.php(824): App\Controllers\Admin\Staff->index()
#2 C:\xampp\htdocs\compro-codeigniter-4-main\system\CodeIgniter.php(410): CodeIgniter\CodeIgniter->runController(Object(App\Controllers\Admin\Staff))
#3 C:\xampp\htdocs\compro-codeigniter-4-main\system\CodeIgniter.php(318): CodeIgniter\CodeIgniter->handleRequest(NULL, Object(Config\Cache), false)
#4 C:\xampp\htdocs\compro-codeigniter-4-main\public\index.php(37): CodeIgniter\CodeIgniter->run()
#5 C:\xampp\htdocs\compro-codeigniter-4-main\index.php(7): require_once('C:\\xampp\\htdocs...')
#6 {main}
CRITICAL - 2023-11-18 10:24:33 --> Trying to access array offset on value of type int
#0 C:\xampp\htdocs\compro-codeigniter-4-main\app\Controllers\Admin\Staff.php(87): CodeIgniter\Debug\Exceptions->errorHandler(8, 'Trying to acces...', 'C:\\xampp\\htdocs...', 87, Array)
#1 C:\xampp\htdocs\compro-codeigniter-4-main\system\CodeIgniter.php(824): App\Controllers\Admin\Staff->index()
#2 C:\xampp\htdocs\compro-codeigniter-4-main\system\CodeIgniter.php(410): CodeIgniter\CodeIgniter->runController(Object(App\Controllers\Admin\Staff))
#3 C:\xampp\htdocs\compro-codeigniter-4-main\system\CodeIgniter.php(318): CodeIgniter\CodeIgniter->handleRequest(NULL, Object(Config\Cache), false)
#4 C:\xampp\htdocs\compro-codeigniter-4-main\public\index.php(37): CodeIgniter\CodeIgniter->run()
#5 C:\xampp\htdocs\compro-codeigniter-4-main\index.php(7): require_once('C:\\xampp\\htdocs...')
#6 {main}
CRITICAL - 2023-11-18 12:37:08 --> Trying to access array offset on value of type int
#0 C:\xampp\htdocs\compro-codeigniter-4-main\app\Controllers\Admin\Staff.php(87): CodeIgniter\Debug\Exceptions->errorHandler(8, 'Trying to acces...', 'C:\\xampp\\htdocs...', 87, Array)
#1 C:\xampp\htdocs\compro-codeigniter-4-main\system\CodeIgniter.php(824): App\Controllers\Admin\Staff->index()
#2 C:\xampp\htdocs\compro-codeigniter-4-main\system\CodeIgniter.php(410): CodeIgniter\CodeIgniter->runController(Object(App\Controllers\Admin\Staff))
#3 C:\xampp\htdocs\compro-codeigniter-4-main\system\CodeIgniter.php(318): CodeIgniter\CodeIgniter->handleRequest(NULL, Object(Config\Cache), false)
#4 C:\xampp\htdocs\compro-codeigniter-4-main\public\index.php(37): CodeIgniter\CodeIgniter->run()
#5 C:\xampp\htdocs\compro-codeigniter-4-main\index.php(7): require_once('C:\\xampp\\htdocs...')
#6 {main}
CRITICAL - 2023-11-18 12:41:01 --> Trying to access array offset on value of type int
#0 C:\xampp\htdocs\compro-codeigniter-4-main\app\Controllers\Admin\Staff.php(87): CodeIgniter\Debug\Exceptions->errorHandler(8, 'Trying to acces...', 'C:\\xampp\\htdocs...', 87, Array)
#1 C:\xampp\htdocs\compro-codeigniter-4-main\system\CodeIgniter.php(824): App\Controllers\Admin\Staff->index()
#2 C:\xampp\htdocs\compro-codeigniter-4-main\system\CodeIgniter.php(410): CodeIgniter\CodeIgniter->runController(Object(App\Controllers\Admin\Staff))
#3 C:\xampp\htdocs\compro-codeigniter-4-main\system\CodeIgniter.php(318): CodeIgniter\CodeIgniter->handleRequest(NULL, Object(Config\Cache), false)
#4 C:\xampp\htdocs\compro-codeigniter-4-main\public\index.php(37): CodeIgniter\CodeIgniter->run()
#5 C:\xampp\htdocs\compro-codeigniter-4-main\index.php(7): require_once('C:\\xampp\\htdocs...')
#6 {main}
CRITICAL - 2023-11-18 12:43:23 --> Undefined index: urutan
#0 C:\xampp\htdocs\compro-codeigniter-4-main\app\Views\admin\staff\index.php(28): CodeIgniter\Debug\Exceptions->errorHandler(8, 'Undefined index...', 'C:\\xampp\\htdocs...', 28, Array)
#1 C:\xampp\htdocs\compro-codeigniter-4-main\system\View\View.php(214): include('C:\\xampp\\htdocs...')
#2 C:\xampp\htdocs\compro-codeigniter-4-main\system\View\View.php(217): CodeIgniter\View\View->CodeIgniter\View\{closure}()
#3 C:\xampp\htdocs\compro-codeigniter-4-main\system\Common.php(1097): CodeIgniter\View\View->render('admin/staff/ind...', Array, true)
#4 C:\xampp\htdocs\compro-codeigniter-4-main\app\Views\admin\layout\content.php(4): view('admin/staff/ind...')
#5 C:\xampp\htdocs\compro-codeigniter-4-main\app\Views\admin\layout\wrapper.php(13): require_once('C:\\xampp\\htdocs...')
#6 C:\xampp\htdocs\compro-codeigniter-4-main\system\View\View.php(214): include('C:\\xampp\\htdocs...')
#7 C:\xampp\htdocs\compro-codeigniter-4-main\system\View\View.php(217): CodeIgniter\View\View->CodeIgniter\View\{closure}()
#8 C:\xampp\htdocs\compro-codeigniter-4-main\system\Common.php(1097): CodeIgniter\View\View->render('admin/layout/wr...', Array, true)
#9 C:\xampp\htdocs\compro-codeigniter-4-main\app\Controllers\Admin\Staff.php(92): view('admin/layout/wr...', Array)
#10 C:\xampp\htdocs\compro-codeigniter-4-main\system\CodeIgniter.php(824): App\Controllers\Admin\Staff->index()
#11 C:\xampp\htdocs\compro-codeigniter-4-main\system\CodeIgniter.php(410): CodeIgniter\CodeIgniter->runController(Object(App\Controllers\Admin\Staff))
#12 C:\xampp\htdocs\compro-codeigniter-4-main\system\CodeIgniter.php(318): CodeIgniter\CodeIgniter->handleRequest(NULL, Object(Config\Cache), false)
#13 C:\xampp\htdocs\compro-codeigniter-4-main\public\index.php(37): CodeIgniter\CodeIgniter->run()
#14 C:\xampp\htdocs\compro-codeigniter-4-main\index.php(7): require_once('C:\\xampp\\htdocs...')
#15 {main}
CRITICAL - 2023-11-18 12:47:41 --> Undefined index: urutan
#0 C:\xampp\htdocs\compro-codeigniter-4-main\app\Views\admin\staff\index.php(28): CodeIgniter\Debug\Exceptions->errorHandler(8, 'Undefined index...', 'C:\\xampp\\htdocs...', 28, Array)
#1 C:\xampp\htdocs\compro-codeigniter-4-main\system\View\View.php(214): include('C:\\xampp\\htdocs...')
#2 C:\xampp\htdocs\compro-codeigniter-4-main\system\View\View.php(217): CodeIgniter\View\View->CodeIgniter\View\{closure}()
#3 C:\xampp\htdocs\compro-codeigniter-4-main\system\Common.php(1097): CodeIgniter\View\View->render('admin/staff/ind...', Array, true)
#4 C:\xampp\htdocs\compro-codeigniter-4-main\app\Views\admin\layout\content.php(4): view('admin/staff/ind...')
#5 C:\xampp\htdocs\compro-codeigniter-4-main\app\Views\admin\layout\wrapper.php(13): require_once('C:\\xampp\\htdocs...')
#6 C:\xampp\htdocs\compro-codeigniter-4-main\system\View\View.php(214): include('C:\\xampp\\htdocs...')
#7 C:\xampp\htdocs\compro-codeigniter-4-main\system\View\View.php(217): CodeIgniter\View\View->CodeIgniter\View\{closure}()
#8 C:\xampp\htdocs\compro-codeigniter-4-main\system\Common.php(1097): CodeIgniter\View\View->render('admin/layout/wr...', Array, true)
#9 C:\xampp\htdocs\compro-codeigniter-4-main\app\Controllers\Admin\Staff.php(92): view('admin/layout/wr...', Array)
#10 C:\xampp\htdocs\compro-codeigniter-4-main\system\CodeIgniter.php(824): App\Controllers\Admin\Staff->index()
#11 C:\xampp\htdocs\compro-codeigniter-4-main\system\CodeIgniter.php(410): CodeIgniter\CodeIgniter->runController(Object(App\Controllers\Admin\Staff))
#12 C:\xampp\htdocs\compro-codeigniter-4-main\system\CodeIgniter.php(318): CodeIgniter\CodeIgniter->handleRequest(NULL, Object(Config\Cache), false)
#13 C:\xampp\htdocs\compro-codeigniter-4-main\public\index.php(37): CodeIgniter\CodeIgniter->run()
#14 C:\xampp\htdocs\compro-codeigniter-4-main\index.php(7): require_once('C:\\xampp\\htdocs...')
#15 {main}
ERROR - 2023-11-18 13:20:47 --> Unknown column 'urutan' in 'field list'
CRITICAL - 2023-11-18 13:20:47 --> Unknown column 'urutan' in 'field list'
#0 C:\xampp\htdocs\compro-codeigniter-4-main\system\Database\MySQLi\Connection.php(292): mysqli->query('INSERT INTO `st...', 0)
#1 C:\xampp\htdocs\compro-codeigniter-4-main\system\Database\BaseConnection.php(670): CodeIgniter\Database\MySQLi\Connection->execute('INSERT INTO `st...')
#2 C:\xampp\htdocs\compro-codeigniter-4-main\system\Database\BaseConnection.php(598): CodeIgniter\Database\BaseConnection->simpleQuery('INSERT INTO `st...')
#3 C:\xampp\htdocs\compro-codeigniter-4-main\system\Database\BaseBuilder.php(1759): CodeIgniter\Database\BaseConnection->query('INSERT INTO `st...', Array, false)
#4 C:\xampp\htdocs\compro-codeigniter-4-main\app\Models\Staff_model.php(81): CodeIgniter\Database\BaseBuilder->insert(Array)
#5 C:\xampp\htdocs\compro-codeigniter-4-main\app\Controllers\Admin\Staff.php(58): App\Models\Staff_model->tambah(Array)
#6 C:\xampp\htdocs\compro-codeigniter-4-main\system\CodeIgniter.php(824): App\Controllers\Admin\Staff->index()
#7 C:\xampp\htdocs\compro-codeigniter-4-main\system\CodeIgniter.php(410): CodeIgniter\CodeIgniter->runController(Object(App\Controllers\Admin\Staff))
#8 C:\xampp\htdocs\compro-codeigniter-4-main\system\CodeIgniter.php(318): CodeIgniter\CodeIgniter->handleRequest(NULL, Object(Config\Cache), false)
#9 C:\xampp\htdocs\compro-codeigniter-4-main\public\index.php(37): CodeIgniter\CodeIgniter->run()
#10 C:\xampp\htdocs\compro-codeigniter-4-main\index.php(7): require_once('C:\\xampp\\htdocs...')
#11 {main}
ERROR - 2023-11-18 13:21:15 --> Unknown column 'urutan' in 'field list'
CRITICAL - 2023-11-18 13:21:15 --> Unknown column 'urutan' in 'field list'
#0 C:\xampp\htdocs\compro-codeigniter-4-main\system\Database\MySQLi\Connection.php(292): mysqli->query('INSERT INTO `st...', 0)
#1 C:\xampp\htdocs\compro-codeigniter-4-main\system\Database\BaseConnection.php(670): CodeIgniter\Database\MySQLi\Connection->execute('INSERT INTO `st...')
#2 C:\xampp\htdocs\compro-codeigniter-4-main\system\Database\BaseConnection.php(598): CodeIgniter\Database\BaseConnection->simpleQuery('INSERT INTO `st...')
#3 C:\xampp\htdocs\compro-codeigniter-4-main\system\Database\BaseBuilder.php(1759): CodeIgniter\Database\BaseConnection->query('INSERT INTO `st...', Array, false)
#4 C:\xampp\htdocs\compro-codeigniter-4-main\app\Models\Staff_model.php(81): CodeIgniter\Database\BaseBuilder->insert(Array)
#5 C:\xampp\htdocs\compro-codeigniter-4-main\app\Controllers\Admin\Staff.php(58): App\Models\Staff_model->tambah(Array)
#6 C:\xampp\htdocs\compro-codeigniter-4-main\system\CodeIgniter.php(824): App\Controllers\Admin\Staff->index()
#7 C:\xampp\htdocs\compro-codeigniter-4-main\system\CodeIgniter.php(410): CodeIgniter\CodeIgniter->runController(Object(App\Controllers\Admin\Staff))
#8 C:\xampp\htdocs\compro-codeigniter-4-main\system\CodeIgniter.php(318): CodeIgniter\CodeIgniter->handleRequest(NULL, Object(Config\Cache), false)
#9 C:\xampp\htdocs\compro-codeigniter-4-main\public\index.php(37): CodeIgniter\CodeIgniter->run()
#10 C:\xampp\htdocs\compro-codeigniter-4-main\index.php(7): require_once('C:\\xampp\\htdocs...')
#11 {main}
ERROR - 2023-11-18 13:28:03 --> Unknown column 'urutan' in 'field list'
CRITICAL - 2023-11-18 13:28:03 --> Unknown column 'urutan' in 'field list'
#0 C:\xampp\htdocs\compro-codeigniter-4-main\system\Database\MySQLi\Connection.php(292): mysqli->query('INSERT INTO `st...', 0)
#1 C:\xampp\htdocs\compro-codeigniter-4-main\system\Database\BaseConnection.php(670): CodeIgniter\Database\MySQLi\Connection->execute('INSERT INTO `st...')
#2 C:\xampp\htdocs\compro-codeigniter-4-main\system\Database\BaseConnection.php(598): CodeIgniter\Database\BaseConnection->simpleQuery('INSERT INTO `st...')
#3 C:\xampp\htdocs\compro-codeigniter-4-main\system\Database\BaseBuilder.php(1759): CodeIgniter\Database\BaseConnection->query('INSERT INTO `st...', Array, false)
#4 C:\xampp\htdocs\compro-codeigniter-4-main\app\Models\Staff_model.php(81): CodeIgniter\Database\BaseBuilder->insert(Array)
#5 C:\xampp\htdocs\compro-codeigniter-4-main\app\Controllers\Admin\Staff.php(58): App\Models\Staff_model->tambah(Array)
#6 C:\xampp\htdocs\compro-codeigniter-4-main\system\CodeIgniter.php(824): App\Controllers\Admin\Staff->index()
#7 C:\xampp\htdocs\compro-codeigniter-4-main\system\CodeIgniter.php(410): CodeIgniter\CodeIgniter->runController(Object(App\Controllers\Admin\Staff))
#8 C:\xampp\htdocs\compro-codeigniter-4-main\system\CodeIgniter.php(318): CodeIgniter\CodeIgniter->handleRequest(NULL, Object(Config\Cache), false)
#9 C:\xampp\htdocs\compro-codeigniter-4-main\public\index.php(37): CodeIgniter\CodeIgniter->run()
#10 C:\xampp\htdocs\compro-codeigniter-4-main\index.php(7): require_once('C:\\xampp\\htdocs...')
#11 {main}
ERROR - 2023-11-18 13:28:28 --> Unknown column 'urutan' in 'field list'
CRITICAL - 2023-11-18 13:28:28 --> Unknown column 'urutan' in 'field list'
#0 C:\xampp\htdocs\compro-codeigniter-4-main\system\Database\MySQLi\Connection.php(292): mysqli->query('INSERT INTO `st...', 0)
#1 C:\xampp\htdocs\compro-codeigniter-4-main\system\Database\BaseConnection.php(670): CodeIgniter\Database\MySQLi\Connection->execute('INSERT INTO `st...')
#2 C:\xampp\htdocs\compro-codeigniter-4-main\system\Database\BaseConnection.php(598): CodeIgniter\Database\BaseConnection->simpleQuery('INSERT INTO `st...')
#3 C:\xampp\htdocs\compro-codeigniter-4-main\system\Database\BaseBuilder.php(1759): CodeIgniter\Database\BaseConnection->query('INSERT INTO `st...', Array, false)
#4 C:\xampp\htdocs\compro-codeigniter-4-main\app\Models\Staff_model.php(81): CodeIgniter\Database\BaseBuilder->insert(Array)
#5 C:\xampp\htdocs\compro-codeigniter-4-main\app\Controllers\Admin\Staff.php(58): App\Models\Staff_model->tambah(Array)
#6 C:\xampp\htdocs\compro-codeigniter-4-main\system\CodeIgniter.php(824): App\Controllers\Admin\Staff->index()
#7 C:\xampp\htdocs\compro-codeigniter-4-main\system\CodeIgniter.php(410): CodeIgniter\CodeIgniter->runController(Object(App\Controllers\Admin\Staff))
#8 C:\xampp\htdocs\compro-codeigniter-4-main\system\CodeIgniter.php(318): CodeIgniter\CodeIgniter->handleRequest(NULL, Object(Config\Cache), false)
#9 C:\xampp\htdocs\compro-codeigniter-4-main\public\index.php(37): CodeIgniter\CodeIgniter->run()
#10 C:\xampp\htdocs\compro-codeigniter-4-main\index.php(7): require_once('C:\\xampp\\htdocs...')
#11 {main}
ERROR - 2023-11-18 13:30:56 --> Unknown column 'tanggal_post' in 'field list'
CRITICAL - 2023-11-18 13:30:56 --> Unknown column 'tanggal_post' in 'field list'
#0 C:\xampp\htdocs\compro-codeigniter-4-main\system\Database\MySQLi\Connection.php(292): mysqli->query('INSERT INTO `st...', 0)
#1 C:\xampp\htdocs\compro-codeigniter-4-main\system\Database\BaseConnection.php(670): CodeIgniter\Database\MySQLi\Connection->execute('INSERT INTO `st...')
#2 C:\xampp\htdocs\compro-codeigniter-4-main\system\Database\BaseConnection.php(598): CodeIgniter\Database\BaseConnection->simpleQuery('INSERT INTO `st...')
#3 C:\xampp\htdocs\compro-codeigniter-4-main\system\Database\BaseBuilder.php(1759): CodeIgniter\Database\BaseConnection->query('INSERT INTO `st...', Array, false)
#4 C:\xampp\htdocs\compro-codeigniter-4-main\app\Models\Staff_model.php(81): CodeIgniter\Database\BaseBuilder->insert(Array)
#5 C:\xampp\htdocs\compro-codeigniter-4-main\app\Controllers\Admin\Staff.php(58): App\Models\Staff_model->tambah(Array)
#6 C:\xampp\htdocs\compro-codeigniter-4-main\system\CodeIgniter.php(824): App\Controllers\Admin\Staff->index()
#7 C:\xampp\htdocs\compro-codeigniter-4-main\system\CodeIgniter.php(410): CodeIgniter\CodeIgniter->runController(Object(App\Controllers\Admin\Staff))
#8 C:\xampp\htdocs\compro-codeigniter-4-main\system\CodeIgniter.php(318): CodeIgniter\CodeIgniter->handleRequest(NULL, Object(Config\Cache), false)
#9 C:\xampp\htdocs\compro-codeigniter-4-main\public\index.php(37): CodeIgniter\CodeIgniter->run()
#10 C:\xampp\htdocs\compro-codeigniter-4-main\index.php(7): require_once('C:\\xampp\\htdocs...')
#11 {main}
CRITICAL - 2023-11-18 13:48:48 --> Trying to access array offset on value of type null
#0 C:\xampp\htdocs\compro-codeigniter-4-main\app\Controllers\Berita.php(37): CodeIgniter\Debug\Exceptions->errorHandler(8, 'Trying to acces...', 'C:\\xampp\\htdocs...', 37, Array)
#1 C:\xampp\htdocs\compro-codeigniter-4-main\system\CodeIgniter.php(824): App\Controllers\Berita->read('test-berita')
#2 C:\xampp\htdocs\compro-codeigniter-4-main\system\CodeIgniter.php(410): CodeIgniter\CodeIgniter->runController(Object(App\Controllers\Berita))
#3 C:\xampp\htdocs\compro-codeigniter-4-main\system\CodeIgniter.php(318): CodeIgniter\CodeIgniter->handleRequest(NULL, Object(Config\Cache), false)
#4 C:\xampp\htdocs\compro-codeigniter-4-main\public\index.php(37): CodeIgniter\CodeIgniter->run()
#5 C:\xampp\htdocs\compro-codeigniter-4-main\index.php(7): require_once('C:\\xampp\\htdocs...')
#6 {main}
CRITICAL - 2023-11-18 14:09:04 --> Call to undefined method CodeIgniter\Router\RouteCollection::set404()
#0 C:\xampp\htdocs\formacauin-ci4\system\CodeIgniter.php(705): require()
#1 C:\xampp\htdocs\formacauin-ci4\system\CodeIgniter.php(359): CodeIgniter\CodeIgniter->tryToRouteIt(Object(CodeIgniter\Router\RouteCollection))
#2 C:\xampp\htdocs\formacauin-ci4\system\CodeIgniter.php(318): CodeIgniter\CodeIgniter->handleRequest(NULL, Object(Config\Cache), false)
#3 C:\xampp\htdocs\formacauin-ci4\public\index.php(37): CodeIgniter\CodeIgniter->run()
#4 C:\xampp\htdocs\formacauin-ci4\index.php(7): require_once('C:\\xampp\\htdocs...')
#5 {main}
CRITICAL - 2023-11-18 14:37:06 --> Trying to access array offset on value of type null
#0 C:\xampp\htdocs\formacauin-ci4\app\Controllers\Berita.php(108): CodeIgniter\Debug\Exceptions->errorHandler(8, 'Trying to acces...', 'C:\\xampp\\htdocs...', 108, Array)
#1 C:\xampp\htdocs\formacauin-ci4\system\CodeIgniter.php(824): App\Controllers\Berita->kategori('video')
#2 C:\xampp\htdocs\formacauin-ci4\system\CodeIgniter.php(410): CodeIgniter\CodeIgniter->runController(Object(App\Controllers\Berita))
#3 C:\xampp\htdocs\formacauin-ci4\system\CodeIgniter.php(318): CodeIgniter\CodeIgniter->handleRequest(NULL, Object(Config\Cache), false)
#4 C:\xampp\htdocs\formacauin-ci4\public\index.php(37): CodeIgniter\CodeIgniter->run()
#5 C:\xampp\htdocs\formacauin-ci4\index.php(7): require_once('C:\\xampp\\htdocs...')
#6 {main}
